14:35:39.484 [main] DEBUG - Parsing relationship: /xl/_rels/workbook.xml.rels
14:35:39.487 [main] DEBUG - Parsing relationship: /_rels/.rels
14:35:39.658 [main] TRACE - Loading type system org.apache.poi.schemas.ooxml.system.ooxml
14:35:39.660 [main] TRACE - Loading type system org.apache.xmlbeans.metadata.system.sXMLCONFIG
14:35:39.661 [main] TRACE - Loading type system org.apache.xmlbeans.metadata.system.sXMLLANG
14:35:39.661 [main] TRACE - Loading type system org.apache.xmlbeans.metadata.system.sXMLSCHEMA
14:35:39.661 [main] TRACE - Loading type system org.apache.xmlbeans.metadata.system.sXMLTOOLS
14:35:39.662 [main] TRACE - Reading unresolved handles for type system org.apache.xmlbeans.metadata.system.sXMLTOOLS
14:35:39.673 [main] TRACE - Finished loading type system org.apache.xmlbeans.metadata.system.sXMLTOOLS
14:35:39.674 [main] TRACE - Reading unresolved handles for type system org.apache.xmlbeans.metadata.system.sXMLSCHEMA
14:35:39.678 [main] TRACE - Finished loading type system org.apache.xmlbeans.metadata.system.sXMLSCHEMA
14:35:39.679 [main] TRACE - Reading unresolved handles for type system org.apache.xmlbeans.metadata.system.sXMLLANG
14:35:39.680 [main] TRACE - Finished loading type system org.apache.xmlbeans.metadata.system.sXMLLANG
14:35:39.682 [main] TRACE - Reading unresolved handles for type system org.apache.xmlbeans.metadata.system.sXMLCONFIG
14:35:39.683 [main] TRACE - Finished loading type system org.apache.xmlbeans.metadata.system.sXMLCONFIG
14:35:39.684 [main] TRACE - Reading unresolved handles for type system org.apache.poi.schemas.ooxml.system.ooxml
14:35:39.769 [main] TRACE - Finished loading type system org.apache.poi.schemas.ooxml.system.ooxml
14:35:39.770 [main] TRACE - Resolving type for handle themefd26doctype
14:35:39.820 [main] TRACE - Resolving type for handle stylesheet5d8bdoctype
14:35:39.823 [main] TRACE - Resolving type for handle ctstylesheet4257type
14:35:39.827 [main] TRACE - Resolving type for handle ctfonts6623type
14:35:39.830 [main] TRACE - Resolving type for handle ctfont14d8type
14:35:39.834 [main] TRACE - Resolving type for handle ctfills2c6ftype
14:35:39.837 [main] TRACE - Resolving type for handle ctfill550ctype
14:35:39.839 [main] TRACE - Resolving type for handle ctborders0d66type
14:35:39.842 [main] TRACE - Resolving type for handle ctborderf935type
14:35:39.844 [main] TRACE - Resolving type for handle ctcellxfs1322type
14:35:39.846 [main] TRACE - Resolving type for handle ctxf97f7type
14:35:39.848 [main] TRACE - Resolving type for handle ctcellstylexfsa81ftype
14:35:39.849 [main] TRACE - Resolving type for handle ctdxfsb26atype
14:35:39.851 [main] TRACE - Resolving type for handle cttablestyles872ftype
14:35:39.853 [main] TRACE - Resolving type for handle workbookec17doctype
14:35:39.857 [main] TRACE - Resolving type for handle ctworkbook83c3type
14:35:39.860 [main] TRACE - Resolving type for handle sstf81fdoctype
14:35:39.861 [main] TRACE - Resolving type for handle ctsst44f3type
14:35:39.863 [main] TRACE - Resolving type for handle ctsheets49fdtype
14:35:39.865 [main] TRACE - Resolving type for handle ctsheet4dbetype
14:35:39.866 [main] TRACE - Resolving type for handle strelationshipid1e94type
14:35:39.869 [main] TRACE - Resolving type for handle worksheetf539doctype
14:35:39.871 [main] TRACE - Resolving type for handle ctworksheet530dtype
14:35:39.875 [main] TRACE - Resolving type for handle ctsheetdata8408type
14:35:39.879 [main] TRACE - Resolving type for handle ctcols627ctype
14:35:39.887 [main] TRACE - Resolving type for handle stxstringf179type
14:35:39.893 [main] TRACE - Resolving type for handle ctsheetformatprdef7type
14:35:39.895 [main] TRACE - Resolving type for handle ctsheetviewsb918type
14:35:39.897 [main] TRACE - Resolving type for handle ctsheetview0f43type
14:35:39.901 [main] TRACE - Resolving type for handle ctsheetdimensiond310type
14:35:39.902 [main] TRACE - Resolving type for handle stref90a2type
14:35:39.904 [main] TRACE - Resolving type for handle ctpagemargins5455type
14:35:39.927 [main] TRACE - Resolving type for handle ctnumfmtsb58btype
14:35:39.933 [main] TRACE - Resolving type for handle propertiesee84doctype
14:35:39.934 [main] TRACE - Resolving type for handle ctproperties3f10type
14:35:39.937 [main] TRACE - Resolving type for handle properties288cdoctype
14:35:39.938 [main] TRACE - Resolving type for handle ctproperties2c18type
14:35:39.945 [main] DEBUG - Save content types part
14:35:39.983 [main] DEBUG - Save package relationships
14:35:39.986 [main] DEBUG - Save part 'docProps/app.xml'
14:35:39.986 [main] DEBUG - Save part 'docProps/core.xml'
14:35:39.988 [main] DEBUG - Save part 'xl/sharedStrings.xml'
14:35:39.988 [main] DEBUG - Save part 'xl/styles.xml'
14:35:39.988 [main] DEBUG - Save part 'xl/theme/theme1.xml'
14:35:39.989 [main] DEBUG - Save part 'xl/workbook.xml'
14:35:39.990 [main] DEBUG - Save part 'xl/worksheets/sheet1.xml'
14:35:39.990 [main] DEBUG - Save part 'xl/worksheets/sheet2.xml'
14:37:12.352 [main] DEBUG - Parsing relationship: /xl/_rels/workbook.xml.rels
14:37:12.353 [main] DEBUG - Parsing relationship: /_rels/.rels
14:37:12.367 [main] TRACE - Resolving type for handle ctrowdd39type
14:37:12.373 [main] TRACE - Resolving type for handle ctcell842btype
14:37:12.379 [main] TRACE - Resolving type for handle stcellrefe4e0type
14:37:12.381 [main] TRACE - Resolving type for handle ctrsta472type
14:37:12.383 [main] TRACE - Resolving type for handle stcelltypebf95type
14:37:12.392 [main] TRACE - Resolving type for handle stcellstylexfid70c7type
14:37:12.400 [main] DEBUG - Save content types part
14:37:12.401 [main] DEBUG - Save package relationships
14:37:12.403 [main] DEBUG - Save part 'docProps/app.xml'
14:37:12.403 [main] DEBUG - Save part 'docProps/core.xml'
14:37:12.405 [main] DEBUG - Save part 'xl/sharedStrings.xml'
14:37:12.405 [main] DEBUG - Save part 'xl/styles.xml'
14:37:12.405 [main] DEBUG - Save part 'xl/theme/theme1.xml'
14:37:12.406 [main] DEBUG - Save part 'xl/workbook.xml'
14:37:12.407 [main] DEBUG - Save part 'xl/worksheets/sheet1.xml'
14:37:12.407 [main] DEBUG - Save part 'xl/worksheets/sheet2.xml'
14:37:12.407 [main] DEBUG - Save part 'xl/worksheets/sheet3.xml'
16:20:59.337 [main] TRACE - Loading type system org.apache.poi.schemas.ooxml.system.ooxml
16:20:59.342 [main] TRACE - Loading type system org.apache.xmlbeans.metadata.system.sXMLCONFIG
16:20:59.343 [main] TRACE - Loading type system org.apache.xmlbeans.metadata.system.sXMLLANG
16:20:59.344 [main] TRACE - Loading type system org.apache.xmlbeans.metadata.system.sXMLSCHEMA
16:20:59.346 [main] TRACE - Loading type system org.apache.xmlbeans.metadata.system.sXMLTOOLS
16:20:59.348 [main] TRACE - Reading unresolved handles for type system org.apache.xmlbeans.metadata.system.sXMLTOOLS
16:20:59.361 [main] TRACE - Finished loading type system org.apache.xmlbeans.metadata.system.sXMLTOOLS
16:20:59.362 [main] TRACE - Reading unresolved handles for type system org.apache.xmlbeans.metadata.system.sXMLSCHEMA
16:20:59.370 [main] TRACE - Finished loading type system org.apache.xmlbeans.metadata.system.sXMLSCHEMA
16:20:59.375 [main] TRACE - Reading unresolved handles for type system org.apache.xmlbeans.metadata.system.sXMLLANG
16:20:59.377 [main] TRACE - Finished loading type system org.apache.xmlbeans.metadata.system.sXMLLANG
16:20:59.378 [main] TRACE - Reading unresolved handles for type system org.apache.xmlbeans.metadata.system.sXMLCONFIG
16:20:59.379 [main] TRACE - Finished loading type system org.apache.xmlbeans.metadata.system.sXMLCONFIG
16:20:59.381 [main] TRACE - Reading unresolved handles for type system org.apache.poi.schemas.ooxml.system.ooxml
16:20:59.438 [main] TRACE - Finished loading type system org.apache.poi.schemas.ooxml.system.ooxml
16:20:59.439 [main] TRACE - Resolving type for handle ctworkbook83c3type
16:20:59.552 [main] TRACE - Resolving type for handle ctworkbookpr03a5type
16:20:59.570 [main] TRACE - Resolving type for handle ctbookviewsb864type
16:20:59.574 [main] TRACE - Resolving type for handle ctbookviewf677type
16:20:59.584 [main] TRACE - Resolving type for handle ctsheets49fdtype
16:20:59.590 [main] TRACE - Resolving type for handle propertiesee84doctype
16:20:59.594 [main] TRACE - Resolving type for handle ctproperties3f10type
16:20:59.607 [main] TRACE - Resolving type for handle properties288cdoctype
16:20:59.610 [main] TRACE - Resolving type for handle ctproperties2c18type
16:20:59.622 [main] TRACE - Resolving type for handle sstf81fdoctype
16:20:59.625 [main] TRACE - Resolving type for handle ctsst44f3type
16:20:59.646 [main] TRACE - Resolving type for handle stylesheet5d8bdoctype
16:20:59.651 [main] TRACE - Resolving type for handle ctstylesheet4257type
16:20:59.664 [main] TRACE - Resolving type for handle ctfont14d8type
16:20:59.674 [main] TRACE - Resolving type for handle ctfontsizeb3b9type
16:20:59.683 [main] TRACE - Resolving type for handle ctcolord2c2type
16:20:59.689 [main] TRACE - Resolving type for handle ctfontname2dc3type
16:20:59.694 [main] TRACE - Resolving type for handle stxstringf179type
16:20:59.702 [main] TRACE - Resolving type for handle ctfontfamily685ctype
16:20:59.711 [main] TRACE - Resolving type for handle stfontfamily9c6ctype
16:20:59.722 [main] TRACE - Resolving type for handle ctfontschemebf5dtype
16:20:59.729 [main] TRACE - Resolving type for handle stfontschemef36dtype
16:20:59.741 [main] TRACE - Resolving type for handle ctfill550ctype
16:20:59.743 [main] TRACE - Resolving type for handle ctpatternfill7452type
16:20:59.748 [main] TRACE - Resolving type for handle stpatterntype7939type
16:20:59.753 [main] TRACE - Resolving type for handle ctborderf935type
16:20:59.756 [main] TRACE - Resolving type for handle ctborderpre497type
16:20:59.762 [main] TRACE - Resolving type for handle ctxf97f7type
16:20:59.766 [main] TRACE - Resolving type for handle stnumfmtid76fbtype
16:20:59.768 [main] TRACE - Resolving type for handle stfontid9d63type
16:20:59.770 [main] TRACE - Resolving type for handle stfillida097type
16:20:59.771 [main] TRACE - Resolving type for handle stborderid1a80type
16:20:59.773 [main] TRACE - Resolving type for handle stcellstylexfid70c7type
16:20:59.780 [main] TRACE - Resolving type for handle ctsheet4dbetype
16:20:59.788 [main] TRACE - Resolving type for handle ctworksheet530dtype
16:20:59.794 [main] TRACE - Resolving type for handle ctsheetformatprdef7type
16:20:59.804 [main] TRACE - Resolving type for handle ctsheetviewsb918type
16:20:59.810 [main] TRACE - Resolving type for handle ctsheetview0f43type
16:20:59.826 [main] TRACE - Resolving type for handle ctsheetdimensiond310type
16:20:59.829 [main] TRACE - Resolving type for handle stref90a2type
16:20:59.833 [main] TRACE - Resolving type for handle ctsheetdata8408type
16:20:59.836 [main] TRACE - Resolving type for handle ctpagemargins5455type
16:20:59.843 [main] TRACE - Resolving type for handle ctcols627ctype
16:20:59.849 [main] TRACE - Resolving type for handle strelationshipid1e94type
16:20:59.853 [main] TRACE - Resolving type for handle ctrowdd39type
16:20:59.863 [main] TRACE - Resolving type for handle ctcell842btype
16:20:59.873 [main] TRACE - Resolving type for handle stcellrefe4e0type
16:20:59.877 [main] TRACE - Resolving type for handle ctrsta472type
16:20:59.884 [main] TRACE - Resolving type for handle stcelltypebf95type
16:20:59.940 [main] TRACE - Resolving type for handle ctnumfmtsb58btype
16:20:59.944 [main] TRACE - Resolving type for handle ctfonts6623type
16:20:59.950 [main] TRACE - Resolving type for handle ctfills2c6ftype
16:20:59.954 [main] TRACE - Resolving type for handle ctborders0d66type
16:20:59.957 [main] TRACE - Resolving type for handle ctcellxfs1322type
16:20:59.960 [main] TRACE - Resolving type for handle ctcellstylexfsa81ftype
16:21:00.002 [main] DEBUG - Save core properties part
16:21:00.003 [main] DEBUG - Save content types part
16:21:00.269 [main] DEBUG - Save package relationships
16:21:00.294 [main] DEBUG - Save part 'docProps/app.xml'
16:21:00.309 [main] DEBUG - Save part 'docProps/core.xml'
16:21:00.326 [main] DEBUG - Save part 'xl/sharedStrings.xml'
16:21:00.327 [main] DEBUG - Save part 'xl/styles.xml'
16:21:00.328 [main] DEBUG - Save part 'xl/workbook.xml'
16:21:00.332 [main] DEBUG - Save part 'xl/worksheets/sheet1.xml'
07:56:54.356 [main] INFO  - CLICKS ON CAR INSURANCE.. 
07:57:00.171 [main] INFO  - CAN SEE ERROR MESSAGE.. 
07:58:08.529 [main] TRACE - Loading type system org.apache.poi.schemas.ooxml.system.ooxml
07:58:08.543 [main] TRACE - Loading type system org.apache.xmlbeans.metadata.system.sXMLCONFIG
07:58:08.544 [main] TRACE - Loading type system org.apache.xmlbeans.metadata.system.sXMLLANG
07:58:08.546 [main] TRACE - Loading type system org.apache.xmlbeans.metadata.system.sXMLSCHEMA
07:58:08.550 [main] TRACE - Loading type system org.apache.xmlbeans.metadata.system.sXMLTOOLS
07:58:08.555 [main] TRACE - Reading unresolved handles for type system org.apache.xmlbeans.metadata.system.sXMLTOOLS
07:58:08.594 [main] TRACE - Finished loading type system org.apache.xmlbeans.metadata.system.sXMLTOOLS
07:58:08.597 [main] TRACE - Reading unresolved handles for type system org.apache.xmlbeans.metadata.system.sXMLSCHEMA
07:58:08.611 [main] TRACE - Finished loading type system org.apache.xmlbeans.metadata.system.sXMLSCHEMA
07:58:08.614 [main] TRACE - Reading unresolved handles for type system org.apache.xmlbeans.metadata.system.sXMLLANG
07:58:08.616 [main] TRACE - Finished loading type system org.apache.xmlbeans.metadata.system.sXMLLANG
07:58:08.620 [main] TRACE - Reading unresolved handles for type system org.apache.xmlbeans.metadata.system.sXMLCONFIG
07:58:08.622 [main] TRACE - Finished loading type system org.apache.xmlbeans.metadata.system.sXMLCONFIG
07:58:08.624 [main] TRACE - Reading unresolved handles for type system org.apache.poi.schemas.ooxml.system.ooxml
07:58:08.742 [main] TRACE - Finished loading type system org.apache.poi.schemas.ooxml.system.ooxml
07:58:08.745 [main] TRACE - Resolving type for handle ctworkbook83c3type
07:58:08.863 [main] TRACE - Resolving type for handle ctworkbookpr03a5type
07:58:08.883 [main] TRACE - Resolving type for handle ctbookviewsb864type
07:58:08.888 [main] TRACE - Resolving type for handle ctbookviewf677type
07:58:08.904 [main] TRACE - Resolving type for handle ctsheets49fdtype
07:58:08.911 [main] TRACE - Resolving type for handle propertiesee84doctype
07:58:08.916 [main] TRACE - Resolving type for handle ctproperties3f10type
07:58:08.929 [main] TRACE - Resolving type for handle properties288cdoctype
07:58:08.932 [main] TRACE - Resolving type for handle ctproperties2c18type
07:58:08.949 [main] TRACE - Resolving type for handle sstf81fdoctype
07:58:08.953 [main] TRACE - Resolving type for handle ctsst44f3type
07:58:08.965 [main] TRACE - Resolving type for handle stylesheet5d8bdoctype
07:58:08.969 [main] TRACE - Resolving type for handle ctstylesheet4257type
07:58:08.978 [main] TRACE - Resolving type for handle ctfont14d8type
07:58:08.992 [main] TRACE - Resolving type for handle ctfontsizeb3b9type
07:58:09.001 [main] TRACE - Resolving type for handle ctcolord2c2type
07:58:09.007 [main] TRACE - Resolving type for handle ctfontname2dc3type
07:58:09.011 [main] TRACE - Resolving type for handle stxstringf179type
07:58:09.018 [main] TRACE - Resolving type for handle ctfontfamily685ctype
07:58:09.022 [main] TRACE - Resolving type for handle stfontfamily9c6ctype
07:58:09.029 [main] TRACE - Resolving type for handle ctfontschemebf5dtype
07:58:09.037 [main] TRACE - Resolving type for handle stfontschemef36dtype
07:58:09.045 [main] TRACE - Resolving type for handle ctfill550ctype
07:58:09.049 [main] TRACE - Resolving type for handle ctpatternfill7452type
07:58:09.058 [main] TRACE - Resolving type for handle stpatterntype7939type
07:58:09.065 [main] TRACE - Resolving type for handle ctborderf935type
07:58:09.070 [main] TRACE - Resolving type for handle ctborderpre497type
07:58:09.080 [main] TRACE - Resolving type for handle ctxf97f7type
07:58:09.086 [main] TRACE - Resolving type for handle stnumfmtid76fbtype
07:58:09.090 [main] TRACE - Resolving type for handle stfontid9d63type
07:58:09.094 [main] TRACE - Resolving type for handle stfillida097type
07:58:09.098 [main] TRACE - Resolving type for handle stborderid1a80type
07:58:09.102 [main] TRACE - Resolving type for handle stcellstylexfid70c7type
07:58:09.116 [main] TRACE - Resolving type for handle ctsheet4dbetype
07:58:09.128 [main] TRACE - Resolving type for handle ctworksheet530dtype
07:58:09.138 [main] TRACE - Resolving type for handle ctsheetformatprdef7type
07:58:09.149 [main] TRACE - Resolving type for handle ctsheetviewsb918type
07:58:09.154 [main] TRACE - Resolving type for handle ctsheetview0f43type
07:58:09.164 [main] TRACE - Resolving type for handle ctsheetdimensiond310type
07:58:09.168 [main] TRACE - Resolving type for handle stref90a2type
07:58:09.172 [main] TRACE - Resolving type for handle ctsheetdata8408type
07:58:09.178 [main] TRACE - Resolving type for handle ctpagemargins5455type
07:58:09.196 [main] TRACE - Resolving type for handle ctcols627ctype
07:58:09.203 [main] TRACE - Resolving type for handle strelationshipid1e94type
07:58:09.209 [main] TRACE - Resolving type for handle ctrowdd39type
07:58:09.221 [main] TRACE - Resolving type for handle ctcell842btype
07:58:09.242 [main] TRACE - Resolving type for handle stcellrefe4e0type
07:58:09.250 [main] TRACE - Resolving type for handle ctrsta472type
07:58:09.258 [main] TRACE - Resolving type for handle stcelltypebf95type
07:58:09.348 [main] TRACE - Resolving type for handle ctnumfmtsb58btype
07:58:09.354 [main] TRACE - Resolving type for handle ctfonts6623type
07:58:09.361 [main] TRACE - Resolving type for handle ctfills2c6ftype
07:58:09.368 [main] TRACE - Resolving type for handle ctborders0d66type
07:58:09.373 [main] TRACE - Resolving type for handle ctcellxfs1322type
07:58:09.379 [main] TRACE - Resolving type for handle ctcellstylexfsa81ftype
07:58:09.425 [main] DEBUG - Save core properties part
07:58:09.425 [main] DEBUG - Save content types part
07:58:09.707 [main] DEBUG - Save package relationships
07:58:09.724 [main] DEBUG - Save part 'docProps/app.xml'
07:58:09.730 [main] DEBUG - Save part 'docProps/core.xml'
07:58:09.755 [main] DEBUG - Save part 'xl/sharedStrings.xml'
07:58:09.756 [main] DEBUG - Save part 'xl/styles.xml'
07:58:09.757 [main] DEBUG - Save part 'xl/workbook.xml'
07:58:09.761 [main] DEBUG - Save part 'xl/worksheets/sheet1.xml'
07:59:37.907 [main] INFO  - CLICKED ON TRAVEL INSURANCE.. 
07:59:43.462 [main] INFO  - FILLED COUNTRY DETAILS.. 
07:59:44.567 [main] INFO  - FILLED TRIP DATES.... 
08:01:17.010 [main] INFO  - CLICKS ON CAR INSURANCE.. 
08:01:22.598 [main] INFO  - CAN SEE ERROR MESSAGE.. 
08:01:33.277 [main] TRACE - Loading type system org.apache.poi.schemas.ooxml.system.ooxml
08:01:33.280 [main] TRACE - Loading type system org.apache.xmlbeans.metadata.system.sXMLCONFIG
08:01:33.281 [main] TRACE - Loading type system org.apache.xmlbeans.metadata.system.sXMLLANG
08:01:33.282 [main] TRACE - Loading type system org.apache.xmlbeans.metadata.system.sXMLSCHEMA
08:01:33.282 [main] TRACE - Loading type system org.apache.xmlbeans.metadata.system.sXMLTOOLS
08:01:33.284 [main] TRACE - Reading unresolved handles for type system org.apache.xmlbeans.metadata.system.sXMLTOOLS
08:01:33.299 [main] TRACE - Finished loading type system org.apache.xmlbeans.metadata.system.sXMLTOOLS
08:01:33.301 [main] TRACE - Reading unresolved handles for type system org.apache.xmlbeans.metadata.system.sXMLSCHEMA
08:01:33.308 [main] TRACE - Finished loading type system org.apache.xmlbeans.metadata.system.sXMLSCHEMA
08:01:33.310 [main] TRACE - Reading unresolved handles for type system org.apache.xmlbeans.metadata.system.sXMLLANG
08:01:33.311 [main] TRACE - Finished loading type system org.apache.xmlbeans.metadata.system.sXMLLANG
08:01:33.312 [main] TRACE - Reading unresolved handles for type system org.apache.xmlbeans.metadata.system.sXMLCONFIG
08:01:33.313 [main] TRACE - Finished loading type system org.apache.xmlbeans.metadata.system.sXMLCONFIG
08:01:33.314 [main] TRACE - Reading unresolved handles for type system org.apache.poi.schemas.ooxml.system.ooxml
08:01:33.396 [main] TRACE - Finished loading type system org.apache.poi.schemas.ooxml.system.ooxml
08:01:33.398 [main] TRACE - Resolving type for handle ctworkbook83c3type
08:01:33.455 [main] TRACE - Resolving type for handle ctworkbookpr03a5type
08:01:33.472 [main] TRACE - Resolving type for handle ctbookviewsb864type
08:01:33.475 [main] TRACE - Resolving type for handle ctbookviewf677type
08:01:33.481 [main] TRACE - Resolving type for handle ctsheets49fdtype
08:01:33.485 [main] TRACE - Resolving type for handle propertiesee84doctype
08:01:33.487 [main] TRACE - Resolving type for handle ctproperties3f10type
08:01:33.495 [main] TRACE - Resolving type for handle properties288cdoctype
08:01:33.497 [main] TRACE - Resolving type for handle ctproperties2c18type
08:01:33.504 [main] TRACE - Resolving type for handle sstf81fdoctype
08:01:33.505 [main] TRACE - Resolving type for handle ctsst44f3type
08:01:33.512 [main] TRACE - Resolving type for handle stylesheet5d8bdoctype
08:01:33.513 [main] TRACE - Resolving type for handle ctstylesheet4257type
08:01:33.517 [main] TRACE - Resolving type for handle ctfont14d8type
08:01:33.526 [main] TRACE - Resolving type for handle ctfontsizeb3b9type
08:01:33.529 [main] TRACE - Resolving type for handle ctcolord2c2type
08:01:33.532 [main] TRACE - Resolving type for handle ctfontname2dc3type
08:01:33.534 [main] TRACE - Resolving type for handle stxstringf179type
08:01:33.537 [main] TRACE - Resolving type for handle ctfontfamily685ctype
08:01:33.539 [main] TRACE - Resolving type for handle stfontfamily9c6ctype
08:01:33.543 [main] TRACE - Resolving type for handle ctfontschemebf5dtype
08:01:33.546 [main] TRACE - Resolving type for handle stfontschemef36dtype
08:01:33.550 [main] TRACE - Resolving type for handle ctfill550ctype
08:01:33.552 [main] TRACE - Resolving type for handle ctpatternfill7452type
08:01:33.555 [main] TRACE - Resolving type for handle stpatterntype7939type
08:01:33.558 [main] TRACE - Resolving type for handle ctborderf935type
08:01:33.560 [main] TRACE - Resolving type for handle ctborderpre497type
08:01:33.565 [main] TRACE - Resolving type for handle ctxf97f7type
08:01:33.568 [main] TRACE - Resolving type for handle stnumfmtid76fbtype
08:01:33.569 [main] TRACE - Resolving type for handle stfontid9d63type
08:01:33.571 [main] TRACE - Resolving type for handle stfillida097type
08:01:33.572 [main] TRACE - Resolving type for handle stborderid1a80type
08:01:33.574 [main] TRACE - Resolving type for handle stcellstylexfid70c7type
08:01:33.579 [main] TRACE - Resolving type for handle ctsheet4dbetype
08:01:33.584 [main] TRACE - Resolving type for handle ctworksheet530dtype
08:01:33.592 [main] TRACE - Resolving type for handle ctsheetformatprdef7type
08:01:33.598 [main] TRACE - Resolving type for handle ctsheetviewsb918type
08:01:33.601 [main] TRACE - Resolving type for handle ctsheetview0f43type
08:01:33.609 [main] TRACE - Resolving type for handle ctsheetdimensiond310type
08:01:33.611 [main] TRACE - Resolving type for handle stref90a2type
08:01:33.613 [main] TRACE - Resolving type for handle ctsheetdata8408type
08:01:33.617 [main] TRACE - Resolving type for handle ctpagemargins5455type
08:01:33.625 [main] TRACE - Resolving type for handle ctcols627ctype
08:01:33.628 [main] TRACE - Resolving type for handle strelationshipid1e94type
08:01:33.630 [main] TRACE - Resolving type for handle ctrowdd39type
08:01:33.646 [main] TRACE - Resolving type for handle ctcell842btype
08:01:33.657 [main] TRACE - Resolving type for handle stcellrefe4e0type
08:01:33.660 [main] TRACE - Resolving type for handle ctrsta472type
08:01:33.663 [main] TRACE - Resolving type for handle stcelltypebf95type
08:01:33.705 [main] TRACE - Resolving type for handle ctnumfmtsb58btype
08:01:33.708 [main] TRACE - Resolving type for handle ctfonts6623type
08:01:33.722 [main] TRACE - Resolving type for handle ctfills2c6ftype
08:01:33.724 [main] TRACE - Resolving type for handle ctborders0d66type
08:01:33.726 [main] TRACE - Resolving type for handle ctcellxfs1322type
08:01:33.728 [main] TRACE - Resolving type for handle ctcellstylexfsa81ftype
08:01:33.750 [main] DEBUG - Save core properties part
08:01:33.750 [main] DEBUG - Save content types part
08:01:33.867 [main] DEBUG - Save package relationships
08:01:33.874 [main] DEBUG - Save part 'docProps/app.xml'
08:01:33.877 [main] DEBUG - Save part 'docProps/core.xml'
08:01:33.886 [main] DEBUG - Save part 'xl/sharedStrings.xml'
08:01:33.887 [main] DEBUG - Save part 'xl/styles.xml'
08:01:33.888 [main] DEBUG - Save part 'xl/workbook.xml'
08:01:33.891 [main] DEBUG - Save part 'xl/worksheets/sheet1.xml'
08:01:43.422 [main] INFO  - CLICKED ON TRAVEL INSURANCE.. 
08:01:48.794 [main] INFO  - FILLED COUNTRY DETAILS.. 
08:01:49.685 [main] INFO  - FILLED TRIP DATES.... 
08:04:37.932 [main] INFO  - CLICKED ON TRAVEL INSURANCE.. 
08:04:43.102 [main] INFO  - FILLED COUNTRY DETAILS.. 
08:04:44.075 [main] INFO  - FILLED TRIP DATES.... 
08:06:11.775 [main] INFO  - CLICKED ON TRAVEL INSURANCE.. 
08:06:16.910 [main] INFO  - FILLED COUNTRY DETAILS.. 
08:06:17.914 [main] INFO  - FILLED TRIP DATES.... 
08:07:54.627 [main] INFO  - CLICKED ON TRAVEL INSURANCE.. 
08:07:59.812 [main] INFO  - FILLED COUNTRY DETAILS.. 
08:08:00.882 [main] INFO  - FILLED TRIP DATES.... 
08:11:41.642 [main] INFO  - CLICKED ON TRAVEL INSURANCE.. 
08:11:41.818 [main] INFO  - FILLED COUNTRY DETAILS.. 
08:11:45.596 [main] INFO  - FILLED TRIP DATES.... 
08:11:51.627 [main] INFO  - FILLED TRAVELLER DETAILS AGES.. 
08:11:52.993 [main] INFO  - FILLED MEDICAL FITNESS.. 
08:11:53.436 [main] INFO  - FILLED PHONE NUMBER.. 
08:11:54.580 [main] INFO  - APPLIED FILTERS LOW TO HOGH.. 
08:11:59.927 [main] INFO  - GET TOP 3 LOWEST INSURANCE COMPANY.. 
08:12:57.575 [main] INFO  - CLICKED ON TRAVEL INSURANCE.. 
08:12:57.790 [main] INFO  - FILLED COUNTRY DETAILS.. 
08:13:01.529 [main] INFO  - FILLED TRIP DATES.... 
08:13:07.313 [main] INFO  - FILLED TRAVELLER DETAILS AGES.. 
08:13:08.628 [main] INFO  - FILLED MEDICAL FITNESS.. 
08:13:09.113 [main] INFO  - FILLED PHONE NUMBER.. 
08:13:10.303 [main] INFO  - APPLIED FILTERS LOW TO HOGH.. 
08:13:15.706 [main] INFO  - GET TOP 3 LOWEST INSURANCE COMPANY.. 
08:18:18.828 [main] INFO  - CLICKED ON TRAVEL INSURANCE.. 
08:18:18.948 [main] INFO  - FILLED COUNTRY DETAILS.. 
08:18:22.411 [main] INFO  - FILLED TRIP DATES.... 
08:18:28.426 [main] INFO  - FILLED TRAVELLER DETAILS AGES.. 
08:18:29.666 [main] INFO  - FILLED MEDICAL FITNESS.. 
08:18:30.065 [main] INFO  - FILLED PHONE NUMBER.. 
08:18:31.363 [main] INFO  - APPLIED FILTERS LOW TO HOGH.. 
08:18:36.916 [main] INFO  - GET TOP 3 LOWEST INSURANCE COMPANY.. 
08:19:13.438 [main] INFO  - CLICKED ON TRAVEL INSURANCE.. 
08:19:13.640 [main] INFO  - FILLED COUNTRY DETAILS.. 
08:19:17.398 [main] INFO  - FILLED TRIP DATES.... 
08:19:23.258 [main] INFO  - FILLED TRAVELLER DETAILS AGES.. 
08:19:24.687 [main] INFO  - FILLED MEDICAL FITNESS.. 
08:19:25.142 [main] INFO  - FILLED PHONE NUMBER.. 
08:19:26.884 [main] INFO  - APPLIED FILTERS LOW TO HOGH.. 
08:19:32.278 [main] INFO  - GET TOP 3 LOWEST INSURANCE COMPANY.. 
08:21:40.430 [main] INFO  - CLICKED ON TRAVEL INSURANCE.. 
08:21:40.583 [main] INFO  - FILLED COUNTRY DETAILS.. 
08:21:44.230 [main] INFO  - FILLED TRIP DATES.... 
08:21:50.215 [main] INFO  - FILLED TRAVELLER DETAILS AGES.. 
08:21:51.270 [main] INFO  - FILLED MEDICAL FITNESS.. 
08:21:51.689 [main] INFO  - FILLED PHONE NUMBER.. 
08:21:52.830 [main] INFO  - APPLIED FILTERS LOW TO HOGH.. 
08:25:53.839 [main] INFO  - CLICKED ON TRAVEL INSURANCE.. 
08:25:53.977 [main] INFO  - FILLED COUNTRY DETAILS.. 
08:25:57.616 [main] INFO  - FILLED TRIP DATES.... 
08:26:03.454 [main] INFO  - FILLED TRAVELLER DETAILS AGES.. 
08:26:04.545 [main] INFO  - FILLED MEDICAL FITNESS.. 
08:26:04.956 [main] INFO  - FILLED PHONE NUMBER.. 
08:26:05.996 [main] INFO  - APPLIED FILTERS LOW TO HOGH.. 
08:26:08.769 [main] INFO  - GET TOP 3 LOWEST INSURANCE COMPANY.. 
08:41:30.010 [main] INFO  - CLICKED ON TRAVEL INSURANCE.. 
08:41:30.196 [main] INFO  - FILLED COUNTRY DETAILS.. 
08:41:34.048 [main] INFO  - FILLED TRIP DATES.... 
08:41:39.838 [main] INFO  - FILLED TRAVELLER DETAILS AGES.. 
08:41:40.943 [main] INFO  - FILLED MEDICAL FITNESS.. 
08:41:41.311 [main] INFO  - FILLED PHONE NUMBER.. 
08:41:42.506 [main] INFO  - APPLIED FILTERS LOW TO HOGH.. 
08:42:37.422 [main] INFO  - CLICKED ON TRAVEL INSURANCE.. 
08:42:37.563 [main] INFO  - FILLED COUNTRY DETAILS.. 
08:42:41.353 [main] INFO  - FILLED TRIP DATES.... 
08:42:47.105 [main] INFO  - FILLED TRAVELLER DETAILS AGES.. 
08:42:48.236 [main] INFO  - FILLED MEDICAL FITNESS.. 
08:42:48.631 [main] INFO  - FILLED PHONE NUMBER.. 
08:42:50.277 [main] INFO  - APPLIED FILTERS LOW TO HOGH.. 
08:42:55.770 [main] INFO  - GET TOP 3 LOWEST INSURANCE COMPANY.. 
08:46:49.351 [main] TRACE - Loading type system org.apache.poi.schemas.ooxml.system.ooxml
08:46:49.363 [main] TRACE - Loading type system org.apache.xmlbeans.metadata.system.sXMLCONFIG
08:46:49.364 [main] TRACE - Loading type system org.apache.xmlbeans.metadata.system.sXMLLANG
08:46:49.365 [main] TRACE - Loading type system org.apache.xmlbeans.metadata.system.sXMLSCHEMA
08:46:49.367 [main] TRACE - Loading type system org.apache.xmlbeans.metadata.system.sXMLTOOLS
08:46:49.372 [main] TRACE - Reading unresolved handles for type system org.apache.xmlbeans.metadata.system.sXMLTOOLS
08:46:49.394 [main] TRACE - Finished loading type system org.apache.xmlbeans.metadata.system.sXMLTOOLS
08:46:49.396 [main] TRACE - Reading unresolved handles for type system org.apache.xmlbeans.metadata.system.sXMLSCHEMA
08:46:49.407 [main] TRACE - Finished loading type system org.apache.xmlbeans.metadata.system.sXMLSCHEMA
08:46:49.412 [main] TRACE - Reading unresolved handles for type system org.apache.xmlbeans.metadata.system.sXMLLANG
08:46:49.415 [main] TRACE - Finished loading type system org.apache.xmlbeans.metadata.system.sXMLLANG
08:46:49.419 [main] TRACE - Reading unresolved handles for type system org.apache.xmlbeans.metadata.system.sXMLCONFIG
08:46:49.420 [main] TRACE - Finished loading type system org.apache.xmlbeans.metadata.system.sXMLCONFIG
08:46:49.422 [main] TRACE - Reading unresolved handles for type system org.apache.poi.schemas.ooxml.system.ooxml
08:46:49.526 [main] TRACE - Finished loading type system org.apache.poi.schemas.ooxml.system.ooxml
08:46:49.528 [main] TRACE - Resolving type for handle ctworkbook83c3type
08:46:49.656 [main] TRACE - Resolving type for handle ctworkbookpr03a5type
08:46:49.680 [main] TRACE - Resolving type for handle ctbookviewsb864type
08:46:49.688 [main] TRACE - Resolving type for handle ctbookviewf677type
08:46:49.704 [main] TRACE - Resolving type for handle ctsheets49fdtype
08:46:49.712 [main] TRACE - Resolving type for handle propertiesee84doctype
08:46:49.718 [main] TRACE - Resolving type for handle ctproperties3f10type
08:46:49.732 [main] TRACE - Resolving type for handle properties288cdoctype
08:46:49.738 [main] TRACE - Resolving type for handle ctproperties2c18type
08:46:49.750 [main] TRACE - Resolving type for handle sstf81fdoctype
08:46:49.756 [main] TRACE - Resolving type for handle ctsst44f3type
08:46:49.766 [main] TRACE - Resolving type for handle stylesheet5d8bdoctype
08:46:49.773 [main] TRACE - Resolving type for handle ctstylesheet4257type
08:46:49.780 [main] TRACE - Resolving type for handle ctfont14d8type
08:46:49.793 [main] TRACE - Resolving type for handle ctfontsizeb3b9type
08:46:49.802 [main] TRACE - Resolving type for handle ctcolord2c2type
08:46:49.809 [main] TRACE - Resolving type for handle ctfontname2dc3type
08:46:49.812 [main] TRACE - Resolving type for handle stxstringf179type
08:46:49.818 [main] TRACE - Resolving type for handle ctfontfamily685ctype
08:46:49.824 [main] TRACE - Resolving type for handle stfontfamily9c6ctype
08:46:49.829 [main] TRACE - Resolving type for handle ctfontschemebf5dtype
08:46:49.839 [main] TRACE - Resolving type for handle stfontschemef36dtype
08:46:49.847 [main] TRACE - Resolving type for handle ctfill550ctype
08:46:49.852 [main] TRACE - Resolving type for handle ctpatternfill7452type
08:46:49.860 [main] TRACE - Resolving type for handle stpatterntype7939type
08:46:49.868 [main] TRACE - Resolving type for handle ctborderf935type
08:46:49.875 [main] TRACE - Resolving type for handle ctborderpre497type
08:46:49.885 [main] TRACE - Resolving type for handle ctxf97f7type
08:46:49.890 [main] TRACE - Resolving type for handle stnumfmtid76fbtype
08:46:49.893 [main] TRACE - Resolving type for handle stfontid9d63type
08:46:49.895 [main] TRACE - Resolving type for handle stfillida097type
08:46:49.897 [main] TRACE - Resolving type for handle stborderid1a80type
08:46:49.901 [main] TRACE - Resolving type for handle stcellstylexfid70c7type
08:46:49.911 [main] TRACE - Resolving type for handle ctsheet4dbetype
08:46:49.921 [main] TRACE - Resolving type for handle ctworksheet530dtype
08:46:49.929 [main] TRACE - Resolving type for handle ctsheetformatprdef7type
08:46:49.940 [main] TRACE - Resolving type for handle ctsheetviewsb918type
08:46:49.946 [main] TRACE - Resolving type for handle ctsheetview0f43type
08:46:49.960 [main] TRACE - Resolving type for handle ctsheetdimensiond310type
08:46:49.963 [main] TRACE - Resolving type for handle stref90a2type
08:46:49.967 [main] TRACE - Resolving type for handle ctsheetdata8408type
08:46:49.974 [main] TRACE - Resolving type for handle ctpagemargins5455type
08:46:49.991 [main] TRACE - Resolving type for handle ctcols627ctype
08:46:49.995 [main] TRACE - Resolving type for handle strelationshipid1e94type
08:46:49.999 [main] TRACE - Resolving type for handle ctrowdd39type
08:46:50.011 [main] TRACE - Resolving type for handle ctcell842btype
08:46:50.030 [main] TRACE - Resolving type for handle stcellrefe4e0type
08:46:50.039 [main] TRACE - Resolving type for handle ctrsta472type
08:46:50.047 [main] TRACE - Resolving type for handle stcelltypebf95type
08:46:50.105 [main] TRACE - Resolving type for handle ctnumfmtsb58btype
08:46:50.109 [main] TRACE - Resolving type for handle ctfonts6623type
08:46:50.117 [main] TRACE - Resolving type for handle ctfills2c6ftype
08:46:50.122 [main] TRACE - Resolving type for handle ctborders0d66type
08:46:50.125 [main] TRACE - Resolving type for handle ctcellxfs1322type
08:46:50.129 [main] TRACE - Resolving type for handle ctcellstylexfsa81ftype
08:46:50.164 [main] DEBUG - Save core properties part
08:46:50.165 [main] DEBUG - Save content types part
08:46:50.420 [main] DEBUG - Save package relationships
08:46:50.436 [main] DEBUG - Save part 'docProps/app.xml'
08:46:50.444 [main] DEBUG - Save part 'docProps/core.xml'
08:46:50.472 [main] DEBUG - Save part 'xl/sharedStrings.xml'
08:46:50.473 [main] DEBUG - Save part 'xl/styles.xml'
08:46:50.474 [main] DEBUG - Save part 'xl/workbook.xml'
08:46:50.477 [main] DEBUG - Save part 'xl/worksheets/sheet1.xml'
08:49:58.954 [main] INFO  - CLICKS ON CAR INSURANCE.. 
08:50:04.673 [main] INFO  - CAN SEE ERROR MESSAGE.. 
08:51:33.924 [main] INFO  - CLICKED ON TRAVEL INSURANCE.. 
08:51:34.062 [main] INFO  - FILLED COUNTRY DETAILS.. 
08:51:37.713 [main] INFO  - FILLED TRIP DATES.... 
08:51:43.582 [main] INFO  - FILLED TRAVELLER DETAILS AGES.. 
08:51:44.878 [main] INFO  - FILLED MEDICAL FITNESS.. 
08:51:45.273 [main] INFO  - FILLED PHONE NUMBER.. 
08:51:46.519 [main] INFO  - APPLIED FILTERS LOW TO HOGH.. 
08:54:13.015 [main] INFO  - CLICKED ON TRAVEL INSURANCE.. 
08:54:13.143 [main] INFO  - FILLED COUNTRY DETAILS.. 
08:54:16.744 [main] INFO  - FILLED TRIP DATES.... 
08:54:22.520 [main] INFO  - FILLED TRAVELLER DETAILS AGES.. 
08:54:23.677 [main] INFO  - FILLED MEDICAL FITNESS.. 
08:54:24.091 [main] INFO  - FILLED PHONE NUMBER.. 
08:54:26.317 [main] INFO  - APPLIED FILTERS LOW TO HOGH.. 
08:55:44.919 [main] INFO  - CLICKED ON TRAVEL INSURANCE.. 
08:55:45.089 [main] INFO  - FILLED COUNTRY DETAILS.. 
08:55:48.671 [main] INFO  - FILLED TRIP DATES.... 
08:55:54.579 [main] INFO  - FILLED TRAVELLER DETAILS AGES.. 
08:55:55.864 [main] INFO  - FILLED MEDICAL FITNESS.. 
08:55:56.267 [main] INFO  - FILLED PHONE NUMBER.. 
08:55:57.314 [main] INFO  - APPLIED FILTERS LOW TO HOGH.. 
08:57:23.890 [main] INFO  - CLICKED ON TRAVEL INSURANCE.. 
08:57:24.075 [main] INFO  - FILLED COUNTRY DETAILS.. 
08:57:27.781 [main] INFO  - FILLED TRIP DATES.... 
08:57:33.593 [main] INFO  - FILLED TRAVELLER DETAILS AGES.. 
08:57:34.931 [main] INFO  - FILLED MEDICAL FITNESS.. 
08:57:35.379 [main] INFO  - FILLED PHONE NUMBER.. 
08:57:36.536 [main] INFO  - APPLIED FILTERS LOW TO HOGH.. 
08:57:42.031 [main] INFO  - GET TOP 3 LOWEST INSURANCE COMPANY.. 
09:15:06.429 [main] INFO  - CLICKS ON CAR INSURANCE.. 
09:15:12.404 [main] INFO  - CAN SEE ERROR MESSAGE.. 
09:16:22.962 [main] TRACE - Loading type system org.apache.poi.schemas.ooxml.system.ooxml
09:16:22.970 [main] TRACE - Loading type system org.apache.xmlbeans.metadata.system.sXMLCONFIG
09:16:22.972 [main] TRACE - Loading type system org.apache.xmlbeans.metadata.system.sXMLLANG
09:16:22.974 [main] TRACE - Loading type system org.apache.xmlbeans.metadata.system.sXMLSCHEMA
09:16:22.976 [main] TRACE - Loading type system org.apache.xmlbeans.metadata.system.sXMLTOOLS
09:16:22.979 [main] TRACE - Reading unresolved handles for type system org.apache.xmlbeans.metadata.system.sXMLTOOLS
09:16:23.015 [main] TRACE - Finished loading type system org.apache.xmlbeans.metadata.system.sXMLTOOLS
09:16:23.018 [main] TRACE - Reading unresolved handles for type system org.apache.xmlbeans.metadata.system.sXMLSCHEMA
09:16:23.030 [main] TRACE - Finished loading type system org.apache.xmlbeans.metadata.system.sXMLSCHEMA
09:16:23.035 [main] TRACE - Reading unresolved handles for type system org.apache.xmlbeans.metadata.system.sXMLLANG
09:16:23.037 [main] TRACE - Finished loading type system org.apache.xmlbeans.metadata.system.sXMLLANG
09:16:23.041 [main] TRACE - Reading unresolved handles for type system org.apache.xmlbeans.metadata.system.sXMLCONFIG
09:16:23.044 [main] TRACE - Finished loading type system org.apache.xmlbeans.metadata.system.sXMLCONFIG
09:16:23.048 [main] TRACE - Reading unresolved handles for type system org.apache.poi.schemas.ooxml.system.ooxml
09:16:23.189 [main] TRACE - Finished loading type system org.apache.poi.schemas.ooxml.system.ooxml
09:16:23.192 [main] TRACE - Resolving type for handle ctworkbook83c3type
09:16:23.308 [main] TRACE - Resolving type for handle ctworkbookpr03a5type
09:16:23.329 [main] TRACE - Resolving type for handle ctbookviewsb864type
09:16:23.336 [main] TRACE - Resolving type for handle ctbookviewf677type
09:16:23.357 [main] TRACE - Resolving type for handle ctsheets49fdtype
09:16:23.371 [main] TRACE - Resolving type for handle propertiesee84doctype
09:16:23.382 [main] TRACE - Resolving type for handle ctproperties3f10type
09:16:23.401 [main] TRACE - Resolving type for handle properties288cdoctype
09:16:23.405 [main] TRACE - Resolving type for handle ctproperties2c18type
09:16:23.422 [main] TRACE - Resolving type for handle sstf81fdoctype
09:16:23.430 [main] TRACE - Resolving type for handle ctsst44f3type
09:16:23.454 [main] TRACE - Resolving type for handle stylesheet5d8bdoctype
09:16:23.463 [main] TRACE - Resolving type for handle ctstylesheet4257type
09:16:23.478 [main] TRACE - Resolving type for handle ctfont14d8type
09:16:23.495 [main] TRACE - Resolving type for handle ctfontsizeb3b9type
09:16:23.503 [main] TRACE - Resolving type for handle ctcolord2c2type
09:16:23.510 [main] TRACE - Resolving type for handle ctfontname2dc3type
09:16:23.514 [main] TRACE - Resolving type for handle stxstringf179type
09:16:23.522 [main] TRACE - Resolving type for handle ctfontfamily685ctype
09:16:23.529 [main] TRACE - Resolving type for handle stfontfamily9c6ctype
09:16:23.542 [main] TRACE - Resolving type for handle ctfontschemebf5dtype
09:16:23.556 [main] TRACE - Resolving type for handle stfontschemef36dtype
09:16:23.570 [main] TRACE - Resolving type for handle ctfill550ctype
09:16:23.575 [main] TRACE - Resolving type for handle ctpatternfill7452type
09:16:23.584 [main] TRACE - Resolving type for handle stpatterntype7939type
09:16:23.593 [main] TRACE - Resolving type for handle ctborderf935type
09:16:23.598 [main] TRACE - Resolving type for handle ctborderpre497type
09:16:23.611 [main] TRACE - Resolving type for handle ctxf97f7type
09:16:23.616 [main] TRACE - Resolving type for handle stnumfmtid76fbtype
09:16:23.619 [main] TRACE - Resolving type for handle stfontid9d63type
09:16:23.623 [main] TRACE - Resolving type for handle stfillida097type
09:16:23.627 [main] TRACE - Resolving type for handle stborderid1a80type
09:16:23.631 [main] TRACE - Resolving type for handle stcellstylexfid70c7type
09:16:23.646 [main] TRACE - Resolving type for handle ctsheet4dbetype
09:16:23.661 [main] TRACE - Resolving type for handle ctworksheet530dtype
09:16:23.671 [main] TRACE - Resolving type for handle ctsheetformatprdef7type
09:16:23.687 [main] TRACE - Resolving type for handle ctsheetviewsb918type
09:16:23.698 [main] TRACE - Resolving type for handle ctsheetview0f43type
09:16:23.712 [main] TRACE - Resolving type for handle ctsheetdimensiond310type
09:16:23.719 [main] TRACE - Resolving type for handle stref90a2type
09:16:23.724 [main] TRACE - Resolving type for handle ctsheetdata8408type
09:16:23.731 [main] TRACE - Resolving type for handle ctpagemargins5455type
09:16:23.746 [main] TRACE - Resolving type for handle ctcols627ctype
09:16:23.754 [main] TRACE - Resolving type for handle strelationshipid1e94type
09:16:23.761 [main] TRACE - Resolving type for handle ctrowdd39type
09:16:23.778 [main] TRACE - Resolving type for handle ctcell842btype
09:16:23.801 [main] TRACE - Resolving type for handle stcellrefe4e0type
09:16:23.815 [main] TRACE - Resolving type for handle ctrsta472type
09:16:23.828 [main] TRACE - Resolving type for handle stcelltypebf95type
09:16:23.906 [main] TRACE - Resolving type for handle ctnumfmtsb58btype
09:16:23.915 [main] TRACE - Resolving type for handle ctfonts6623type
09:16:23.924 [main] TRACE - Resolving type for handle ctfills2c6ftype
09:16:23.930 [main] TRACE - Resolving type for handle ctborders0d66type
09:16:23.935 [main] TRACE - Resolving type for handle ctcellxfs1322type
09:16:23.943 [main] TRACE - Resolving type for handle ctcellstylexfsa81ftype
09:16:23.993 [main] DEBUG - Save core properties part
09:16:23.994 [main] DEBUG - Save content types part
09:16:24.259 [main] DEBUG - Save package relationships
09:16:24.277 [main] DEBUG - Save part 'docProps/app.xml'
09:16:24.283 [main] DEBUG - Save part 'docProps/core.xml'
09:16:24.318 [main] DEBUG - Save part 'xl/sharedStrings.xml'
09:16:24.319 [main] DEBUG - Save part 'xl/styles.xml'
09:16:24.319 [main] DEBUG - Save part 'xl/workbook.xml'
09:16:24.325 [main] DEBUG - Save part 'xl/worksheets/sheet1.xml'
09:17:29.349 [main] INFO  - CLICKED ON TRAVEL INSURANCE.. 
09:17:29.915 [main] INFO  - FILLED COUNTRY DETAILS.. 
09:17:33.597 [main] INFO  - FILLED TRIP DATES.... 
09:17:39.651 [main] INFO  - FILLED TRAVELLER DETAILS AGES.. 
09:17:40.853 [main] INFO  - FILLED MEDICAL FITNESS.. 
09:17:41.378 [main] INFO  - FILLED PHONE NUMBER.. 
09:17:42.759 [main] INFO  - APPLIED FILTERS LOW TO HOGH.. 
09:17:48.239 [main] INFO  - GET TOP 3 LOWEST INSURANCE COMPANY.. 
